2025-05-16 11:30:50,729 ERROR [pentest] [brute] Failed on 127.0.0.1: 'HydraDriver' object is not callable
2025-05-16 11:30:50,729 WARNING [pentest] No driver for stage 'exploit', skipping.
2025-05-16 11:30:50,729 WARNING [pentest] No driver for stage 'post', skipping.
2025-05-16 11:30:50,743 INFO [pentest] [ReportGenerator] Final report saved to results/final_report.json
2025-05-16 11:30:50,743 INFO [pentest] Final report written to results/final_report.json
2025-05-16 11:30:50,743 INFO [pentest] Full scan completed successfully
2025-05-16 11:37:49,625 INFO [pentest] Launching full pipeline
2025-05-16 11:37:49,625 INFO [pentest] [discovery] Starting target 127.0.0.1
2025-05-16 11:37:49,626 ERROR [pentest] [discovery] Failed on 127.0.0.1: 'NmapDriver' object is not callable
2025-05-16 11:37:49,626 WARNING [pentest] No driver for stage 'form_discovery', skipping.
2025-05-16 11:37:49,626 WARNING [pentest] No driver for stage 'sqlmap', skipping.
2025-05-16 11:37:49,626 INFO [pentest] [brute] Starting target 127.0.0.1
2025-05-16 11:37:49,626 ERROR [pentest] [brute] Failed on 127.0.0.1: 'HydraDriver' object is not callable
2025-05-16 11:37:49,626 WARNING [pentest] No driver for stage 'exploit', skipping.
2025-05-16 11:37:49,626 WARNING [pentest] No driver for stage 'post', skipping.
2025-05-16 11:37:49,627 INFO [pentest] [ReportGenerator] Final report saved to results/final_report.json
2025-05-16 11:37:49,627 INFO [pentest] Final report written to results/final_report.json
2025-05-16 11:37:49,627 INFO [pentest] Full scan completed successfully
2025-05-16 12:22:04,286 INFO [pentest] Launching full pipeline
2025-05-16 12:22:04,286 ERROR [pentest] Error during full scan
Traceback (most recent call last):
  File "/home/kali/dmpp/main.py", line 83, in interactive_main
    pipeline.run_full(targets)
    ~~~~~~~~~~~~~~~~~^^^^^^^^^
  File "/home/kali/dmpp/modules/core/pipeline.py", line 84, in run_full
    self.run_stage("discovery", targets)
    ~~~~~~~~~~~~~~^^^^^^^^^^^^^^^^^^^^^^
  File "/home/kali/dmpp/modules/core/pipeline.py", line 56, in run_stage
    driver = driver_cls(self.config, self.session_mgr, self.logger)
                                     ^^^^^^^^^^^^^^^^
AttributeError: 'Pipeline' object has no attribute 'session_mgr'
